0 info it worked if it ends with ok
1 verbose cli [ '/usr/local/bin/node',
1 verbose cli   '/usr/local/bin/npm',
1 verbose cli   'install',
1 verbose cli   '-g',
1 verbose cli   'bower' ]
2 info using npm@3.6.0
3 info using node@v5.2.0
4 silly loadCurrentTree Starting
5 silly install loadCurrentTree
6 silly install readGlobalPackageData
7 silly fetchPackageMetaData bower
8 silly fetchNamedPackageData bower
9 silly mapToRegistry name bower
10 silly mapToRegistry using default registry
11 silly mapToRegistry registry https://registry.npmjs.org/
12 silly mapToRegistry uri https://registry.npmjs.org/bower
13 verbose request uri https://registry.npmjs.org/bower
14 verbose request no auth needed
15 info attempt registry request try #1 at 1:36:09 AM
16 verbose request id 09ad6ef79ffaa9bd
17 verbose etag "1AKVYVYK36FUNTO2W7B3IWWFY"
18 http request GET https://registry.npmjs.org/bower
19 http 304 https://registry.npmjs.org/bower
20 verbose headers { date: 'Tue, 22 Mar 2016 20:06:10 GMT',
20 verbose headers   via: '1.1 varnish',
20 verbose headers   'cache-control': 'max-age=300',
20 verbose headers   etag: '"1AKVYVYK36FUNTO2W7B3IWWFY"',
20 verbose headers   age: '251',
20 verbose headers   connection: 'keep-alive',
20 verbose headers   'x-served-by': 'cache-sin6923-SIN',
20 verbose headers   'x-cache': 'HIT',
20 verbose headers   'x-cache-hits': '2',
20 verbose headers   'x-timer': 'S1458677170.260076,VS0,VE0',
20 verbose headers   vary: 'Accept' }
21 silly get cb [ 304,
21 silly get   { date: 'Tue, 22 Mar 2016 20:06:10 GMT',
21 silly get     via: '1.1 varnish',
21 silly get     'cache-control': 'max-age=300',
21 silly get     etag: '"1AKVYVYK36FUNTO2W7B3IWWFY"',
21 silly get     age: '251',
21 silly get     connection: 'keep-alive',
21 silly get     'x-served-by': 'cache-sin6923-SIN',
21 silly get     'x-cache': 'HIT',
21 silly get     'x-cache-hits': '2',
21 silly get     'x-timer': 'S1458677170.260076,VS0,VE0',
21 silly get     vary: 'Accept' } ]
22 verbose etag https://registry.npmjs.org/bower from cache
23 verbose get saving bower to /home/saravanan/.npm/registry.npmjs.org/bower/.cache.json
24 verbose correctMkdir /home/saravanan/.npm correctMkdir not in flight; initializing
25 silly install normalizeTree
26 silly loadCurrentTree Finishing
27 silly loadIdealTree Starting
28 silly install loadIdealTree
29 silly cloneCurrentTree Starting
30 silly install cloneCurrentTreeToIdealTree
31 silly cloneCurrentTree Finishing
32 silly loadShrinkwrap Starting
33 silly install loadShrinkwrap
34 silly loadShrinkwrap Finishing
35 silly loadAllDepsIntoIdealTree Starting
36 silly install loadAllDepsIntoIdealTree
37 silly resolveWithNewModule bower@1.7.7 checking installable status
38 silly cache add args [ 'bower', null ]
39 verbose cache add spec bower
40 silly cache add parsed spec Result {
40 silly cache add   raw: 'bower',
40 silly cache add   scope: null,
40 silly cache add   name: 'bower',
40 silly cache add   rawSpec: '',
40 silly cache add   spec: 'latest',
40 silly cache add   type: 'tag' }
41 silly addNamed bower@latest
42 verbose addNamed "latest" is being treated as a dist-tag for bower
43 info addNameTag [ 'bower', 'latest' ]
44 silly mapToRegistry name bower
45 silly mapToRegistry using default registry
46 silly mapToRegistry registry https://registry.npmjs.org/
47 silly mapToRegistry uri https://registry.npmjs.org/bower
48 verbose addNameTag registry:https://registry.npmjs.org/bower not in flight; fetching
49 verbose get https://registry.npmjs.org/bower not expired, no request
50 silly addNameTag next cb for bower with tag latest
51 silly addNamed bower@1.7.7
52 verbose addNamed "1.7.7" is a plain semver version for bower
53 silly mapToRegistry name bower
54 silly mapToRegistry using default registry
55 silly mapToRegistry registry https://registry.npmjs.org/
56 silly mapToRegistry uri https://registry.npmjs.org/bower
57 verbose addRemoteTarball https://registry.npmjs.org/bower/-/bower-1.7.7.tgz not in flight; adding
58 verbose addRemoteTarball [ 'https://registry.npmjs.org/bower/-/bower-1.7.7.tgz',
58 verbose addRemoteTarball   '2fd7ff3ebdcba5a8ffcd84c397c8fdfe9f825f92' ]
59 info retry fetch attempt 1 at 1:36:10 AM
60 info attempt registry request try #1 at 1:36:10 AM
61 http fetch GET https://registry.npmjs.org/bower/-/bower-1.7.7.tgz
62 http fetch 200 https://registry.npmjs.org/bower/-/bower-1.7.7.tgz
63 silly fetchAndShaCheck shasum 2fd7ff3ebdcba5a8ffcd84c397c8fdfe9f825f92
64 silly rollbackFailedOptional Starting
65 silly rollbackFailedOptional Finishing
66 silly runTopLevelLifecycles Starting
67 silly runTopLevelLifecycles Finishing
68 silly install printInstalled
69 verbose stack Error: shasum check failed for /tmp/npm-6724-82088c55/registry.npmjs.org/bower/-/bower-1.7.7.tgz
69 verbose stack Expected: 2fd7ff3ebdcba5a8ffcd84c397c8fdfe9f825f92
69 verbose stack Actual:   5d95426f105e096aec27b11e395a883d4b74f989
69 verbose stack From:     https://registry.npmjs.org/bower/-/bower-1.7.7.tgz
69 verbose stack     at /usr/local/lib/node_modules/npm/node_modules/sha/index.js:25:8
69 verbose stack     at ReadStream.<anonymous> (/usr/local/lib/node_modules/npm/node_modules/sha/index.js:72:7)
69 verbose stack     at emitNone (events.js:73:20)
69 verbose stack     at ReadStream.emit (events.js:167:7)
69 verbose stack     at endReadableNT (_stream_readable.js:906:12)
69 verbose stack     at nextTickCallbackWith2Args (node.js:455:9)
69 verbose stack     at process._tickCallback (node.js:369:17)
70 verbose cwd /media/saravanan/STUDIES/projects/bootstrapTest
71 error Linux 3.16.0-59-generic
72 error argv "/usr/local/bin/node" "/usr/local/bin/npm" "install" "-g" "bower"
73 error node v5.2.0
74 error npm  v3.6.0
75 error shasum check failed for /tmp/npm-6724-82088c55/registry.npmjs.org/bower/-/bower-1.7.7.tgz
75 error Expected: 2fd7ff3ebdcba5a8ffcd84c397c8fdfe9f825f92
75 error Actual:   5d95426f105e096aec27b11e395a883d4b74f989
75 error From:     https://registry.npmjs.org/bower/-/bower-1.7.7.tgz
76 error If you need help, you may report this error at:
76 error     <https://github.com/npm/npm/issues>
77 verbose exit [ 1, true ]
